Arguments: 
  C:\Program Files\nodejs\node.exe C:\Users\Administrator\AppData\Roaming\npm\node_modules\yarn\bin\yarn.js run dev

PATH: 
  C:\Windows\system32;C:\Windows;C:\Windows\System32\Wbem;C:\Windows\System32\WindowsPowerShell\v1.0\;C:\Program Files\Git\cmd;C:\Program Files\nodejs\;;C:\Program Files\Microsoft VS Code\bin;C:\Users\Administrator\AppData\Roaming\npm

Yarn version: 
  1.5.1

Node version: 
  8.9.4

Platform: 
  win32 x64

npm manifest: 
  {
    "name": "vonut",
    "version": "1.0.0",
    "description": "Personal blog system made by Vue.js",
    "author": "JrainLau <jrainlau@163.com>",
    "main": "dist/index.js",
    "scripts": {
      "dev": "webpack-dev-server --config webpack/dev.js --open",
      "build": "webpack -p --config webpack/build.js --progress --profile --colors",
      "deploy": "npm run build && git add . && git commit -m 'update' && git push"
    },
    "devDependencies": {
      "babel-core": "^6.24.1",
      "babel-eslint": "^7.2.3",
      "babel-loader": "^7.0.0",
      "babel-plugin-syntax-dynamic-import": "^6.18.0",
      "babel-preset-es2015": "^6.24.1",
      "babel-preset-stage-2": "^6.24.1",
      "chokidar": "^1.7.0",
      "clean-webpack-plugin": "^0.1.16",
      "copy-webpack-plugin": "^4.0.1",
      "css-loader": "^0.28.4",
      "eslint": "^4.2.0",
      "eslint-config-standard": "^10.2.1",
      "eslint-config-vue": "^2.0.2",
      "eslint-loader": "^1.7.1",
      "eslint-plugin-import": "^2.2.0",
      "eslint-plugin-node": "^4.2.2",
      "eslint-plugin-promise": "^3.5.0",
      "eslint-plugin-standard": "^3.0.1",
      "eslint-plugin-vue": "^2.0.1",
      "extract-text-webpack-plugin": "^2.1.0",
      "file-loader": "^0.11.1",
      "highlight.js": "^9.12.0",
      "html-webpack-plugin": "^2.28.0",
      "img-loader": "^2.0.0",
      "ip": "^1.1.5",
      "less": "^2.7.2",
      "less-loader": "^4.0.3",
      "markdown-it": "^8.3.1",
      "offline-plugin": "^4.8.3",
      "style-loader": "^0.18.1",
      "url-loader": "^0.5.8",
      "vue-loader": "^12.0.2",
      "vue-markdown-loader": "^1.0.0",
      "vue-template-compiler": "^2.3.0",
      "webpack": "^3.0.0",
      "webpack-dev-server": "^2.4.5",
      "webpack-merge": "^4.1.0"
    },
    "dependencies": {
      "marked": "^0.3.6",
      "vue": "^2.3.0",
      "vue-router": "^2.5.3",
      "vuex": "^2.3.1"
    },
    "directories": {
      "doc": "docs"
    },
    "repository": {
      "type": "git",
      "url": "git+https://github.com/jrainlau/vonut.git"
    },
    "license": "ISC",
    "bugs": {
      "url": "https://github.com/jrainlau/vonut/issues"
    },
    "homepage": "https://github.com/jrainlau/vonut#readme"
  }

yarn manifest: 
  No manifest

Lockfile: 
  No lockfile

Trace: 
  Error: Command failed.
  Exit code: 1
  Command: C:\Windows\system32\cmd.exe
  Arguments: /d /s /c webpack-dev-server --config webpack/dev.js --open
  Directory: G:\hx2car\vue_blog\code
  Output:
  
      at ProcessTermError.MessageError (C:\Users\Administrator\AppData\Roaming\npm\node_modules\yarn\lib\cli.js:186:110)
      at new ProcessTermError (C:\Users\Administrator\AppData\Roaming\npm\node_modules\yarn\lib\cli.js:226:113)
      at ChildProcess.<anonymous> (C:\Users\Administrator\AppData\Roaming\npm\node_modules\yarn\lib\cli.js:30281:17)
      at emitTwo (events.js:126:13)
      at ChildProcess.emit (events.js:214:7)
      at maybeClose (internal/child_process.js:925:16)
      at Process.ChildProcess._handle.onexit (internal/child_process.js:209:5)
